#
# There is insufficient memory for the Java Runtime Environment to continue.
# Native memory allocation (malloc) failed to allocate 863696 bytes for Chunk::new
# Possible reasons:
#   The system is out of physical RAM or swap space
#   The process is running with CompressedOops enabled, and the Java Heap may be blocking the growth of the native heap
# Possible solutions:
#   Reduce memory load on the system
#   Increase physical memory or swap space
#   Check if swap backing store is full
#   Decrease Java heap size (-Xmx/-Xms)
#   Decrease number of Java threads
#   Decrease Java thread stack sizes (-Xss)
#   Set larger code cache with -XX:ReservedCodeCacheSize=
#   JVM is running with Unscaled Compressed Oops mode in which the Java heap is
#     placed in the first 4GB address space. The Java Heap base address is the
#     maximum limit for the native heap growth. Please use -XX:HeapBaseMinAddress
#     to set the Java Heap base and to place the Java Heap above 4GB virtual address.
# This output file may be truncated or incomplete.
#
#  Out of Memory Error (allocation.cpp:389), pid=14868, tid=0x00000000000013c8
#
# JRE version: OpenJDK Runtime Environment (8.0_242-b01) (build 1.8.0_242-release-1644-b01)
# Java VM: OpenJDK 64-Bit Server VM (25.242-b01 mixed mode windows-amd64 compressed oops)
# Failed to write core dump. Minidumps are not enabled by default on client versions of Windows
#

---------------  T H R E A D  ---------------

Current thread (0x000000001a632800):  JavaThread "C2 CompilerThread2" daemon [_thread_in_native, id=5064, stack(0x000000001afa0000,0x000000001b0a0000)]

Stack: [0x000000001afa0000,0x000000001b0a0000]
[error occurred during error reporting (printing stack bounds), id 0xc0000005]

Native frames: (J=compiled Java code, j=interpreted, Vv=VM code, C=native code)


Current CompileTask:
C2:5012503 24070   !   4       org.gradle.cache.internal.LockOnDemandCrossProcessCacheAccess::withFileLock (24 bytes)


---------------  P R O C E S S  ---------------

Java Threads: ( => current thread )
  0x0000000026db7800 JavaThread "Cache worker for execution history cache (D:\BasketballScoreTools\.gradle\6.1.1\executionHistory)" [_thread_in_native, id=16020, stack(0x000000002aa40000,0x000000002ab40000)]
  0x0000000026daa800 JavaThread "Execution worker for ':' Thread 7" [_thread_in_native, id=472, stack(0x000000002a940000,0x000000002aa40000)]
  0x0000000026db0800 JavaThread "Execution worker for ':' Thread 6" [_thread_in_native, id=13576, stack(0x000000002a840000,0x000000002a940000)]
  0x0000000026daf000 JavaThread "Execution worker for ':' Thread 5" [_thread_in_native, id=14908, stack(0x000000002a740000,0x000000002a840000)]
  0x0000000026dab800 JavaThread "Execution worker for ':' Thread 4" [_thread_blocked, id=14544, stack(0x000000002a640000,0x000000002a740000)]
  0x000000002072e800 JavaThread "Execution worker for ':' Thread 3" [_thread_in_Java, id=6696, stack(0x000000002a540000,0x000000002a640000)]
  0x0000000020735800 JavaThread "Execution worker for ':' Thread 2" [_thread_in_Java, id=3556, stack(0x000000002a440000,0x000000002a540000)]
  0x0000000020734000 JavaThread "Execution worker for ':'" [_thread_blocked, id=12208, stack(0x000000002a140000,0x000000002a240000)]
  0x0000000020731800 JavaThread "Cache worker for file content cache (D:\BasketballScoreTools\.gradle\6.1.1\fileContent)" [_thread_blocked, id=14560, stack(0x0000000029e40000,0x0000000029f40000)]
  0x000000002072a000 JavaThread "Cache worker for Build Output Cleanup Cache (D:\BasketballScoreTools\.gradle\buildOutputCleanup)" [_thread_blocked, id=14552, stack(0x0000000029b10000,0x0000000029c10000)]
  0x000000002072f800 JavaThread "pool-14-thread-1" [_thread_blocked, id=14332, stack(0x0000000029a10000,0x0000000029b10000)]
  0x0000000020731000 JavaThread "Build operations Thread 8" [_thread_blocked, id=14180, stack(0x0000000029820000,0x0000000029920000)]
  0x000000002072b800 JavaThread "Build operations Thread 7" [_thread_blocked, id=9964, stack(0x00000000294f0000,0x00000000295f0000)]
  0x0000000020730000 JavaThread "Build operations Thread 6" [_thread_blocked, id=13796, stack(0x00000000293f0000,0x00000000294f0000)]
  0x0000000020728800 JavaThread "Build operations Thread 5" [_thread_blocked, id=12484, stack(0x0000000025950000,0x0000000025a50000)]
  0x000000002072d000 JavaThread "Build operations Thread 4" [_thread_blocked, id=9112, stack(0x0000000025650000,0x0000000025750000)]
  0x000000002072e000 JavaThread "Build operations Thread 3" [_thread_blocked, id=1800, stack(0x0000000024f50000,0x0000000025050000)]
  0x000000002072c800 JavaThread "Build operations Thread 2" [_thread_blocked, id=4596, stack(0x0000000024e50000,0x0000000024f50000)]
  0x0000000020729800 JavaThread "Build operations" [_thread_blocked, id=15300, stack(0x0000000022af0000,0x0000000022bf0000)]
  0x000000002072b000 JavaThread "Cache worker for cache directory md-rule (C:\Users\WO\.gradle\caches\6.1.1\md-rule)" [_thread_blocked, id=2772, stack(0x00000000227b0000,0x00000000228b0000)]
  0x0000000020571800 JavaThread "Cache worker for cache directory md-supplier (C:\Users\WO\.gradle\caches\6.1.1\md-supplier)" [_thread_blocked, id=15916, stack(0x00000000226b0000,0x00000000227b0000)]
  0x0000000020573000 JavaThread "Cache worker for file hash cache (D:\BasketballScoreTools\.gradle\6.1.1\fileHashes)" [_thread_blocked, id=14568, stack(0x00000000225b0000,0x00000000226b0000)]
  0x0000000020570000 JavaThread "Cache worker for checksums cache (D:\BasketballScoreTools\.gradle\checksums)" [_thread_blocked, id=6344, stack(0x000000001e940000,0x000000001ea40000)]
  0x0000000020576000 JavaThread "Thread-159" [_thread_blocked, id=16004, stack(0x000000001e840000,0x000000001e940000)]
  0x0000000020568800 JavaThread "Stdin handler" [_thread_blocked, id=13608, stack(0x000000001e640000,0x000000001e740000)]
  0x000000002056f800 JavaThread "Asynchronous log dispatcher for DefaultDaemonConnection: socket connection from /127.0.0.1:64810 to /127.0.0.1:57342" [_thread_in_native, id=15592, stack(0x000000001e540000,0x000000001e640000)]
  0x0000000020568000 JavaThread "Daemon worker Thread 5" [_thread_in_Java, id=15620, stack(0x000000001e440000,0x000000001e540000)]
  0x0000000020567000 JavaThread "Cancel handler" [_thread_blocked, id=12376, stack(0x000000001e140000,0x000000001e240000)]
  0x000000002056d000 JavaThread "Handler for socket connection from /127.0.0.1:64810 to /127.0.0.1:57342" [_thread_in_native, id=13496, stack(0x000000001e040000,0x000000001e140000)]
  0x000000002056c800 JavaThread "Daemon Thread 5" [_thread_blocked, id=14348, stack(0x00000000013d0000,0x00000000014d0000)]
  0x0000000020569800 JavaThread "Cache worker for Java compile cache (C:\Users\WO\.gradle\caches\6.1.1\javaCompile)" [_thread_blocked, id=10756, stack(0x000000002c4e0000,0x000000002c5e0000)]
  0x000000001f554800 JavaThread "Cache worker for file content cache (C:\Users\WO\.gradle\caches\6.1.1\fileContent)" [_thread_blocked, id=3972, stack(0x000000002a040000,0x000000002a140000)]
  0x000000001f553000 JavaThread "Memory manager" [_thread_blocked, id=15260, stack(0x0000000029f40000,0x000000002a040000)]
  0x000000001d00f800 JavaThread "Cache worker for execution history cache (C:\Users\WO\.gradle\caches\6.1.1\executionHistory)" [_thread_blocked, id=13040, stack(0x00000000224b0000,0x00000000225b0000)]
  0x000000001d013800 JavaThread "Cache worker for file hash cache (C:\Users\WO\.gradle\caches\6.1.1\fileHashes)" [_thread_blocked, id=856, stack(0x000000001ee40000,0x000000001ef40000)]
  0x000000001d010800 JavaThread "File lock request listener" [_thread_in_native, id=8320, stack(0x000000001ed40000,0x000000001ee40000)]
  0x000000001d22a000 JavaThread "Cache worker for journal cache (C:\Users\WO\.gradle\caches\journal-1)" [_thread_in_vm, id=1876, stack(0x000000001ec40000,0x000000001ed40000)]
  0x000000001ce8c800 JavaThread "Daemon periodic checks" [_thread_blocked, id=13504, stack(0x000000001df40000,0x000000001e040000)]
  0x000000001b499000 JavaThread "Incoming local TCP Connector on port 64810" [_thread_in_native, id=10112, stack(0x000000001de40000,0x000000001df40000)]
  0x000000001cb6e000 JavaThread "Daemon health stats" [_thread_blocked, id=13644, stack(0x000000001dd40000,0x000000001de40000)]
  0x000000001a6c1800 JavaThread "Service Thread" daemon [_thread_blocked, id=2044, stack(0x000000001b1a0000,0x000000001b2a0000)]
  0x000000001a63c000 JavaThread "C1 CompilerThread3" daemon [_thread_blocked, id=2356, stack(0x000000001b0a0000,0x000000001b1a0000)]
=>0x000000001a632800 JavaThread "C2 CompilerThread2" daemon [_thread_in_native, id=5064, stack(0x000000001afa0000,0x000000001b0a0000)]
  0x000000001a631000 JavaThread "C2 CompilerThread1" daemon [_thread_in_native, id=992, stack(0x000000001aea0000,0x000000001afa0000)]
  0x000000001a62c800 JavaThread "C2 CompilerThread0" daemon [_thread_in_native, id=3032, stack(0x000000001ada0000,0x000000001aea0000)]
  0x000000001a62b000 JavaThread "Attach Listener" daemon [_thread_blocked, id=2668, stack(0x000000001aca0000,0x000000001ada0000)]
  0x000000001a62a000 JavaThread "Signal Dispatcher" daemon [_thread_blocked, id=7688, stack(0x000000001aba0000,0x000000001aca0000)]
  0x000000000374c800 JavaThread "Finalizer" daemon [_thread_blocked, id=15324, stack(0x000000001aaa0000,0x000000001aba0000)]
  0x000000001a5c0800 JavaThread "Reference Handler" daemon [_thread_blocked, id=10936, stack(0x000000001a9a0000,0x000000001aaa0000)]
  0x000000000364d800 JavaThread "main" [_thread_blocked, id=2472, stack(0x0000000003490000,0x0000000003590000)]

Other Threads:
  0x00000000187b8800 VMThread [stack: 0x000000001a4a0000,0x000000001a5a0000] [id=12284]
  0x000000001a6c3000 WatcherThread [stack: 0x000000001b2a0000,0x000000001b3a0000] [id=3076]

VM state:not at safepoint (normal execution)

VM Mutex/Monitor currently owned by a thread: None

heap address: 0x0000000080000000, size: 2048 MB, Compressed Oops mode: 32-bit
Narrow klass base: 0x0000000000000000, Narrow klass shift: 3
Compressed class space size: 1073741824 Address: 0x0000000100000000

Heap:
 PSYoungGen      total 585216K, used 137602K [0x00000000d5580000, 0x00000000fc000000, 0x0000000100000000)
  eden space 551424K, 20% used [0x00000000d5580000,0x00000000dc32f100,0x00000000f7000000)
  from space 33792K, 74% used [0x00000000f9f00000,0x00000000fb7b17f8,0x00000000fc000000)
  to   space 40960K, 0% used [0x00000000f7000000,0x00000000f7000000,0x00000000f9800000)
 ParOldGen       total 227840K, used 150457K [0x0000000080000000, 0x000000008de80000, 0x00000000d5580000)
  object space 227840K, 66% used [0x0000000080000000,0x00000000892ee7c0,0x000000008de80000)
 Metaspace       used 111472K, capacity 117948K, committed 118064K, reserved 1150976K
  class space    used 14390K, capacity 15624K, committed 15664K, reserved 1048576K

Card table byte_map: [0x0000000012b10000,0x0000000012f20000] byte_map_base: 0x0000000012710000

Marking Bits: (ParMarkBitMap*) 0x0000000057bff030
 Begin Bits: [0x00000000139d0000, 0x00000000159d0000)
 End Bits:   [0x00000000159d0000, 0x00000000179d0000)

Polling page: 0x0000000000ff0000

CodeCache: size=245760Kb used=67182Kb max_used=67487Kb free=178577Kb
 bounds [0x0000000003750000, 0x00000000079b0000, 0x0000000012750000]
 total_blobs=20114 nmethods=19152 adapters=870
 compilation: enabled

Compilation events (10 events):
Event: 5012.446 Thread 0x000000001a63c000 nmethod 24101 0x000000000394ed50 code [0x000000000394eec0, 0x000000000394f188]
Event: 5012.446 Thread 0x000000001a63c000 24102       1       org.gradle.api.internal.tasks.TaskStateInternal::getDidWork (5 bytes)
Event: 5012.446 Thread 0x000000001a63c000 nmethod 24102 0x0000000003bbdb50 code [0x0000000003bbdca0, 0x0000000003bbddb0]
Event: 5012.447 Thread 0x000000001a631000 24096       4       org.gradle.internal.classloader.ConfigurableClassLoaderHierarchyHasher$Visitor::visit (14 bytes)
Event: 5012.460 Thread 0x000000001a63c000 24105       3       org.gradle.api.internal.artifacts.transform.TransformationStep::createInvocation (102 bytes)
Event: 5012.464 Thread 0x000000001a63c000 nmethod 24105 0x000000000403b110 code [0x000000000403b420, 0x000000000403cdd8]
Event: 5012.467 Thread 0x000000001a63c000 24104       3       org.gradle.api.internal.artifacts.transform.TransformationNode$ArtifactTransformationStepBuildOperation::call (6 bytes)
Event: 5012.470 Thread 0x000000001a63c000 nmethod 24104 0x000000000542cb10 code [0x000000000542cd20, 0x000000000542d918]
Event: 5012.478 Thread 0x000000001a63c000 24106       3       org.gradle.execution.plan.DefaultPlanExecutor$ExecutorWorker::lambda$run$0 (89 bytes)
Event: 5012.480 Thread 0x000000001a63c000 nmethod 24106 0x0000000003908310 code [0x0000000003908660, 0x000000000390a548]

GC Heap History (10 events):
Event: 431.559 GC heap before
{Heap before GC invocations=34 (full 4):
 PSYoungGen      total 424448K, used 394122K [0x00000000d5580000, 0x00000000f5000000, 0x0000000100000000)
  eden space 387584K, 100% used [0x00000000d5580000,0x00000000ed000000,0x00000000ed000000)
  from space 36864K, 17% used [0x00000000ed000000,0x00000000ed662908,0x00000000ef400000)
  to   space 35328K, 0% used [0x00000000f2d80000,0x00000000f2d80000,0x00000000f5000000)
 ParOldGen       total 227840K, used 125852K [0x0000000080000000, 0x000000008de80000, 0x00000000d5580000)
  object space 227840K, 55% used [0x0000000080000000,0x0000000087ae72e0,0x000000008de80000)
 Metaspace       used 107425K, capacity 113080K, committed 113328K, reserved 1146880K
  class space    used 13920K, capacity 15002K, committed 15024K, reserved 1048576K
Event: 431.591 GC heap after
Heap after GC invocations=34 (full 4):
 PSYoungGen      total 474112K, used 15469K [0x00000000d5580000, 0x00000000f4a80000, 0x0000000100000000)
  eden space 444416K, 0% used [0x00000000d5580000,0x00000000d5580000,0x00000000f0780000)
  from space 29696K, 52% used [0x00000000f2d80000,0x00000000f3c9b640,0x00000000f4a80000)
  to   space 34304K, 0% used [0x00000000f0780000,0x00000000f0780000,0x00000000f2900000)
 ParOldGen       total 227840K, used 128724K [0x0000000080000000, 0x000000008de80000, 0x00000000d5580000)
  object space 227840K, 56% used [0x0000000080000000,0x0000000087db5160,0x000000008de80000)
 Metaspace       used 107425K, capacity 113080K, committed 113328K, reserved 1146880K
  class space    used 13920K, capacity 15002K, committed 15024K, reserved 1048576K
}
Event: 433.488 GC heap before
{Heap before GC invocations=35 (full 4):
 PSYoungGen      total 474112K, used 459885K [0x00000000d5580000, 0x00000000f4a80000, 0x0000000100000000)
  eden space 444416K, 100% used [0x00000000d5580000,0x00000000f0780000,0x00000000f0780000)
  from space 29696K, 52% used [0x00000000f2d80000,0x00000000f3c9b640,0x00000000f4a80000)
  to   space 34304K, 0% used [0x00000000f0780000,0x00000000f0780000,0x00000000f2900000)
 ParOldGen       total 227840K, used 128724K [0x0000000080000000, 0x000000008de80000, 0x00000000d5580000)
  object space 227840K, 56% used [0x0000000080000000,0x0000000087db5160,0x000000008de80000)
 Metaspace       used 107999K, capacity 113830K, committed 113968K, reserved 1148928K
  class space    used 13981K, capacity 15097K, committed 15152K, reserved 1048576K
Event: 433.529 GC heap after
Heap after GC invocations=35 (full 4):
 PSYoungGen      total 478720K, used 13343K [0x00000000d5580000, 0x00000000f8580000, 0x0000000100000000)
  eden space 444416K, 0% used [0x00000000d5580000,0x00000000d5580000,0x00000000f0780000)
  from space 34304K, 38% used [0x00000000f0780000,0x00000000f1487cc0,0x00000000f2900000)
  to   space 32768K, 0% used [0x00000000f6580000,0x00000000f6580000,0x00000000f8580000)
 ParOldGen       total 227840K, used 139929K [0x0000000080000000, 0x000000008de80000, 0x00000000d5580000)
  object space 227840K, 61% used [0x0000000080000000,0x00000000888a65d0,0x000000008de80000)
 Metaspace       used 107999K, capacity 113830K, committed 113968K, reserved 1148928K
  class space    used 13981K, capacity 15097K, committed 15152K, reserved 1048576K
}
Event: 435.759 GC heap before
{Heap before GC invocations=36 (full 4):
 PSYoungGen      total 478720K, used 457759K [0x00000000d5580000, 0x00000000f8580000, 0x0000000100000000)
  eden space 444416K, 100% used [0x00000000d5580000,0x00000000f0780000,0x00000000f0780000)
  from space 34304K, 38% used [0x00000000f0780000,0x00000000f1487cc0,0x00000000f2900000)
  to   space 32768K, 0% used [0x00000000f6580000,0x00000000f6580000,0x00000000f8580000)
 ParOldGen       total 227840K, used 139929K [0x0000000080000000, 0x000000008de80000, 0x00000000d5580000)
  object space 227840K, 61% used [0x0000000080000000,0x00000000888a65d0,0x000000008de80000)
 Metaspace       used 108563K, capacity 114414K, committed 114608K, reserved 1148928K
  class space    used 14050K, capacity 15165K, committed 15280K, reserved 1048576K
Event: 435.801 GC heap after
Heap after GC invocations=36 (full 4):
 PSYoungGen      total 533504K, used 8872K [0x00000000d5580000, 0x00000000f8080000, 0x0000000100000000)
  eden space 505856K, 0% used [0x00000000d5580000,0x00000000d5580000,0x00000000f4380000)
  from space 27648K, 32% used [0x00000000f6580000,0x00000000f6e2a1a0,0x00000000f8080000)
  to   space 31232K, 0% used [0x00000000f4380000,0x00000000f4380000,0x00000000f6200000)
 ParOldGen       total 227840K, used 139937K [0x0000000080000000, 0x000000008de80000, 0x00000000d5580000)
  object space 227840K, 61% used [0x0000000080000000,0x00000000888a85d0,0x000000008de80000)
 Metaspace       used 108563K, capacity 114414K, committed 114608K, reserved 1148928K
  class space    used 14050K, capacity 15165K, committed 15280K, reserved 1048576K
}
Event: 440.396 GC heap before
{Heap before GC invocations=37 (full 4):
 PSYoungGen      total 533504K, used 514286K [0x00000000d5580000, 0x00000000f8080000, 0x0000000100000000)
  eden space 505856K, 99% used [0x00000000d5580000,0x00000000f43116c8,0x00000000f4380000)
  from space 27648K, 32% used [0x00000000f6580000,0x00000000f6e2a1a0,0x00000000f8080000)
  to   space 31232K, 0% used [0x00000000f4380000,0x00000000f4380000,0x00000000f6200000)
 ParOldGen       total 227840K, used 139937K [0x0000000080000000, 0x000000008de80000, 0x00000000d5580000)
  object space 227840K, 61% used [0x0000000080000000,0x00000000888a85d0,0x000000008de80000)
 Metaspace       used 108739K, capacity 114562K, committed 114864K, reserved 1148928K
  class space    used 14052K, capacity 15165K, committed 15280K, reserved 1048576K
Event: 440.452 GC heap after
Heap after GC invocations=37 (full 4):
 PSYoungGen      total 537088K, used 31212K [0x00000000d5580000, 0x00000000fc580000, 0x0000000100000000)
  eden space 505856K, 0% used [0x00000000d5580000,0x00000000d5580000,0x00000000f4380000)
  from space 31232K, 99% used [0x00000000f4380000,0x00000000f61fb038,0x00000000f6200000)
  to   space 39424K, 0% used [0x00000000f9f00000,0x00000000f9f00000,0x00000000fc580000)
 ParOldGen       total 227840K, used 147463K [0x0000000080000000, 0x000000008de80000, 0x00000000d5580000)
  object space 227840K, 64% used [0x0000000080000000,0x0000000089001c58,0x000000008de80000)
 Metaspace       used 108739K, capacity 114562K, committed 114864K, reserved 1148928K
  class space    used 14052K, capacity 15165K, committed 15280K, reserved 1048576K
}
Event: 3749.311 GC heap before
{Heap before GC invocations=38 (full 4):
 PSYoungGen      total 537088K, used 537068K [0x00000000d5580000, 0x00000000fc580000, 0x0000000100000000)
  eden space 505856K, 100% used [0x00000000d5580000,0x00000000f4380000,0x00000000f4380000)
  from space 31232K, 99% used [0x00000000f4380000,0x00000000f61fb038,0x00000000f6200000)
  to   space 39424K, 0% used [0x00000000f9f00000,0x00000000f9f00000,0x00000000fc580000)
 ParOldGen       total 227840K, used 147463K [0x0000000080000000, 0x000000008de80000, 0x00000000d5580000)
  object space 227840K, 64% used [0x0000000080000000,0x0000000089001c58,0x000000008de80000)
 Metaspace       used 111013K, capacity 117342K, committed 117552K, reserved 1150976K
  class space    used 14344K, capacity 15535K, committed 15664K, reserved 1048576K
Event: 3749.497 GC heap after
Heap after GC invocations=38 (full 4):
 PSYoungGen      total 585216K, used 25285K [0x00000000d5580000, 0x00000000fc000000, 0x0000000100000000)
  eden space 551424K, 0% used [0x00000000d5580000,0x00000000d5580000,0x00000000f7000000)
  from space 33792K, 74% used [0x00000000f9f00000,0x00000000fb7b17f8,0x00000000fc000000)
  to   space 40960K, 0% used [0x00000000f7000000,0x00000000f7000000,0x00000000f9800000)
 ParOldGen       total 227840K, used 150457K [0x0000000080000000, 0x000000008de80000, 0x00000000d5580000)
  object space 227840K, 66% used [0x0000000080000000,0x00000000892ee7c0,0x000000008de80000)
 Metaspace       used 111013K, capacity 117342K, committed 117552K, reserved 1150976K
  class space    used 14344K, capacity 15535K, committed 15664K, reserved 1048576K
}

Deoptimization events (10 events):
Event: 3749.505 Thread 0x0000000026daa800 Uncommon trap: reason=unstable_if action=reinterpret pc=0x0000000005f057fc method=java.util.concurrent.ConcurrentLinkedQueue.offer(Ljava/lang/Object;)Z @ 72
Event: 3749.686 Thread 0x000000001f553800 Uncommon trap: reason=unstable_if action=reinterpret pc=0x000000000680c084 method=sun.nio.ch.IOUtil.writeFromNativeBuffer(Ljava/io/FileDescriptor;Ljava/nio/ByteBuffer;JLsun/nio/ch/NativeDispatcher;)I @ 66
Event: 5010.386 Thread 0x000000001b499000 Uncommon trap: reason=unstable_if action=reinterpret pc=0x0000000007564a74 method=java.text.SimpleDateFormat.zeroPaddingNumber(IIILjava/lang/StringBuffer;)V @ 41
Event: 5010.387 Thread 0x000000001b499000 Uncommon trap: reason=unstable_if action=reinterpret pc=0x00000000078c99d0 method=java.text.DecimalFormat.subformat(Ljava/lang/StringBuffer;Ljava/text/Format$FieldDelegate;ZZIIII)Ljava/lang/StringBuffer; @ 814
Event: 5010.892 Thread 0x0000000020568000 Uncommon trap: reason=class_check action=maybe_recompile pc=0x0000000005d6e7f8 method=org.gradle.internal.work.DefaultWorkerLeaseService$DefaultWorkerLease.acquireLock()Z @ 4
Event: 5011.074 Thread 0x0000000020568000 Uncommon trap: reason=class_check action=maybe_recompile pc=0x00000000074cc68c method=org.gradle.tooling.internal.provider.runner.SubtreeFilteringBuildOperationListener.started(Lorg/gradle/internal/operations/BuildOperationDescriptor;Lorg/gradle/internal/
Event: 5011.462 Thread 0x0000000020568000 Uncommon trap: reason=class_check action=maybe_recompile pc=0x00000000074cc68c method=org.gradle.tooling.internal.provider.runner.SubtreeFilteringBuildOperationListener.started(Lorg/gradle/internal/operations/BuildOperationDescriptor;Lorg/gradle/internal/
Event: 5012.203 Thread 0x0000000020734000 Uncommon trap: reason=unstable_if action=reinterpret pc=0x0000000006286950 method=com.google.common.util.concurrent.AbstractFuture.get()Ljava/lang/Object; @ 116
Event: 5012.262 Thread 0x000000002056f800 Uncommon trap: reason=unstable_if action=reinterpret pc=0x0000000003963930 method=com.esotericsoftware.kryo.io.Output.writeVarLong(JZ)I @ 55
Event: 5012.430 Thread 0x0000000026daa800 Uncommon trap: reason=unstable_if action=reinterpret pc=0x00000000056c9538 method=com.sun.org.apache.xerces.internal.impl.io.UTF8Reader.read([CII)I @ 131

Classes redefined (0 events):
No events

Internal exceptions (10 events):
Event: 5010.813 Thread 0x0000000020568000 Exception <a 'java/lang/NoSuchMethodError': <clinit>> (0x00000000d7fca790) thrown at [C:\src\AOSP-openjdk-git\hotspot\src\share\vm\prims\jni.cpp, line 1615]
Event: 5010.890 Thread 0x0000000020568000 Exception <a 'java/lang/NoSuchMethodError': <clinit>> (0x00000000d80e7988) thrown at [C:\src\AOSP-openjdk-git\hotspot\src\share\vm\prims\jni.cpp, line 1615]
Event: 5010.890 Thread 0x0000000020568000 Exception <a 'java/lang/NoSuchMethodError': <clinit>> (0x00000000d80eb9c8) thrown at [C:\src\AOSP-openjdk-git\hotspot\src\share\vm\prims\jni.cpp, line 1615]
Event: 5010.890 Thread 0x0000000020568000 Exception <a 'java/lang/NoSuchMethodError': <clinit>> (0x00000000d80ed300) thrown at [C:\src\AOSP-openjdk-git\hotspot\src\share\vm\prims\jni.cpp, line 1615]
Event: 5010.890 Thread 0x0000000020568000 Exception <a 'java/lang/NoSuchMethodError': <clinit>> (0x00000000d80ee7b0) thrown at [C:\src\AOSP-openjdk-git\hotspot\src\share\vm\prims\jni.cpp, line 1615]
Event: 5010.890 Thread 0x0000000020568000 Exception <a 'java/lang/NoSuchMethodError': <clinit>> (0x00000000d80efeb0) thrown at [C:\src\AOSP-openjdk-git\hotspot\src\share\vm\prims\jni.cpp, line 1615]
Event: 5010.890 Thread 0x0000000020568000 Exception <a 'java/lang/NoSuchMethodError': <clinit>> (0x00000000d80f1460) thrown at [C:\src\AOSP-openjdk-git\hotspot\src\share\vm\prims\jni.cpp, line 1615]
Event: 5010.890 Thread 0x0000000020568000 Exception <a 'java/lang/NoSuchMethodError': <clinit>> (0x00000000d80f28b0) thrown at [C:\src\AOSP-openjdk-git\hotspot\src\share\vm\prims\jni.cpp, line 1615]
Event: 5011.588 Thread 0x0000000020568000 Exception <a 'sun/nio/fs/WindowsException'> (0x00000000d8d15a08) thrown at [C:\src\AOSP-openjdk-git\hotspot\src\share\vm\prims\jni.cpp, line 710]
Event: 5012.203 Thread 0x0000000020734000 Implicit null exception at 0x000000000628665b to 0x0000000006286935

Events (10 events):
Event: 5012.471 Thread 0x000000001a63c000 flushing nmethod 0x0000000004c59950
Event: 5012.472 Thread 0x000000001a63c000 flushing nmethod 0x0000000004cfcf10
Event: 5012.472 Executing VM operation: RevokeBias
Event: 5012.475 Executing VM operation: RevokeBias done
Event: 5012.475 Executing VM operation: RevokeBias
Event: 5012.475 Executing VM operation: RevokeBias done
Event: 5012.475 Executing VM operation: RevokeBias
Event: 5012.477 Executing VM operation: RevokeBias done
Event: 5012.479 Executing VM operation: RevokeBias
Event: 5012.479 Executing VM operation: RevokeBias done


Dynamic libraries:
0x00007ff601780000 - 0x00007ff6017b1000 	D:\下载\Android Studio\jre\bin\java.exe
0x00007ffc244c0000 - 0x00007ffc246b0000 	C:\WINDOWS\SYSTEM32\ntdll.dll
0x00007ffc22630000 - 0x00007ffc226e2000 	C:\WINDOWS\System32\KERNEL32.DLL
0x00007ffc220b0000 - 0x00007ffc22355000 	C:\WINDOWS\System32\KERNELBASE.dll
0x00007ffc22580000 - 0x00007ffc22623000 	C:\WINDOWS\System32\ADVAPI32.dll
0x00007ffc22da0000 - 0x00007ffc22e3e000 	C:\WINDOWS\System32\msvcrt.dll
0x00007ffc23c90000 - 0x00007ffc23d27000 	C:\WINDOWS\System32\sechost.dll
0x00007ffc22ec0000 - 0x00007ffc22fdf000 	C:\WINDOWS\System32\RPCRT4.dll
0x00007ffc23d30000 - 0x00007ffc23ec4000 	C:\WINDOWS\System32\USER32.dll
0x00007ffc21800000 - 0x00007ffc21821000 	C:\WINDOWS\System32\win32u.dll
0x00007ffc24390000 - 0x00007ffc243b6000 	C:\WINDOWS\System32\GDI32.dll
0x00007ffc21630000 - 0x00007ffc217c8000 	C:\WINDOWS\System32\gdi32full.dll
0x00007ffc214c0000 - 0x00007ffc2155e000 	C:\WINDOWS\System32\msvcp_win.dll
0x00007ffc21fb0000 - 0x00007ffc220aa000 	C:\WINDOWS\System32\ucrtbase.dll
0x00007ffc0f440000 - 0x00007ffc0f6c4000 	C:\WINDOWS\WinSxS\amd64_microsoft.windows.common-controls_6595b64144ccf1df_6.0.18362.1556_none_9e7e372fe45e41d5\COMCTL32.dll
0x00007ffc230c0000 - 0x00007ffc233f6000 	C:\WINDOWS\System32\combase.dll
0x00007ffc21430000 - 0x00007ffc214b1000 	C:\WINDOWS\System32\bcryptPrimitives.dll
0x00007ffc24360000 - 0x00007ffc2438e000 	C:\WINDOWS\System32\IMM32.DLL
0x0000000057270000 - 0x0000000057342000 	D:\下载\Android Studio\jre\jre\bin\msvcr100.dll
0x0000000057430000 - 0x0000000057c7b000 	D:\下载\Android Studio\jre\jre\bin\server\jvm.dll
0x00007ffc243c0000 - 0x00007ffc243c8000 	C:\WINDOWS\System32\PSAPI.DLL
0x00007ffc04d40000 - 0x00007ffc04d49000 	C:\WINDOWS\SYSTEM32\WSOCK32.dll
0x00007ffc1a1f0000 - 0x00007ffc1a214000 	C:\WINDOWS\SYSTEM32\WINMM.dll
0x00007ffc13900000 - 0x00007ffc1390a000 	C:\WINDOWS\SYSTEM32\VERSION.dll
0x00007ffc23400000 - 0x00007ffc2346f000 	C:\WINDOWS\System32\WS2_32.dll
0x00007ffc19ad0000 - 0x00007ffc19afd000 	C:\WINDOWS\SYSTEM32\WINMMBASE.dll
0x00007ffc22520000 - 0x00007ffc2256a000 	C:\WINDOWS\System32\cfgmgr32.dll
0x00007ffc04c80000 - 0x00007ffc04c8f000 	D:\下载\Android Studio\jre\jre\bin\verify.dll
0x00007ffbf5a00000 - 0x00007ffbf5a29000 	D:\下载\Android Studio\jre\jre\bin\java.dll
0x00007ffc042c0000 - 0x00007ffc042d6000 	D:\下载\Android Studio\jre\jre\bin\zip.dll
0x00007ffc23540000 - 0x00007ffc23c27000 	C:\WINDOWS\System32\SHELL32.dll
0x00007ffc243d0000 - 0x00007ffc24478000 	C:\WINDOWS\System32\shcore.dll
0x00007ffc21830000 - 0x00007ffc21fab000 	C:\WINDOWS\System32\windows.storage.dll
0x00007ffc213d0000 - 0x00007ffc213ee000 	C:\WINDOWS\System32\profapi.dll
0x00007ffc21380000 - 0x00007ffc213ca000 	C:\WINDOWS\System32\powrprof.dll
0x00007ffc21370000 - 0x00007ffc21380000 	C:\WINDOWS\System32\UMPDC.dll
0x00007ffc23ed0000 - 0x00007ffc23f22000 	C:\WINDOWS\System32\shlwapi.dll
0x00007ffc213f0000 - 0x00007ffc21401000 	C:\WINDOWS\System32\kernel.appcore.dll
0x00007ffc21560000 - 0x00007ffc21577000 	C:\WINDOWS\System32\cryptsp.dll
0x00007ffc03d00000 - 0x00007ffc03d1a000 	D:\下载\Android Studio\jre\jre\bin\net.dll
0x00007ffc20bb0000 - 0x00007ffc20c17000 	C:\WINDOWS\system32\mswsock.dll
0x00007ffbf6050000 - 0x00007ffbf6063000 	D:\下载\Android Studio\jre\jre\bin\nio.dll
0x00007ffbefba0000 - 0x00007ffbefbc6000 	C:\Users\WO\.gradle\native\31\windows-amd64\native-platform.dll
0x00007ffc04050000 - 0x00007ffc0405d000 	D:\下载\Android Studio\jre\jre\bin\management.dll
0x00007ffc20730000 - 0x00007ffc20763000 	C:\WINDOWS\system32\rsaenh.dll
0x00007ffc217d0000 - 0x00007ffc217f6000 	C:\WINDOWS\System32\bcrypt.dll
0x00007ffc21290000 - 0x00007ffc212b5000 	C:\WINDOWS\SYSTEM32\USERENV.dll
0x00007ffc20d80000 - 0x00007ffc20d8c000 	C:\WINDOWS\SYSTEM32\CRYPTBASE.dll
0x00007ffc208c0000 - 0x00007ffc208fa000 	C:\WINDOWS\SYSTEM32\IPHLPAPI.DLL
0x00007ffc22570000 - 0x00007ffc22578000 	C:\WINDOWS\System32\NSI.dll
0x00007ffc161b0000 - 0x00007ffc161c6000 	C:\WINDOWS\SYSTEM32\dhcpcsvc6.DLL
0x00007ffc16190000 - 0x00007ffc161ac000 	C:\WINDOWS\SYSTEM32\dhcpcsvc.DLL
0x00007ffc20900000 - 0x00007ffc209cb000 	C:\WINDOWS\SYSTEM32\DNSAPI.dll
0x00007ffbf22f0000 - 0x00007ffbf2314000 	D:\下载\Android Studio\jre\jre\bin\sunec.dll
0x00007ffc07990000 - 0x00007ffc079c3000 	C:\Program Files (x86)\Sangfor\SSL\ClientComponent\1_SangforNspX64.dll
0x00007ffc23fa0000 - 0x00007ffc240f7000 	C:\WINDOWS\System32\ole32.dll
0x00007ffc23470000 - 0x00007ffc23535000 	C:\WINDOWS\System32\OLEAUT32.dll
0x00007ffc16180000 - 0x00007ffc1618a000 	C:\Windows\System32\rasadhlp.dll
0x00007ffc15110000 - 0x00007ffc15187000 	C:\WINDOWS\System32\fwpuclnt.dll
0x00007ffc03f50000 - 0x00007ffc03f5b000 	D:\下载\Android Studio\jre\jre\bin\sunmscapi.dll
0x00007ffc223c0000 - 0x00007ffc22511000 	C:\WINDOWS\System32\CRYPT32.dll
0x00007ffc21410000 - 0x00007ffc21422000 	C:\WINDOWS\System32\MSASN1.dll
0x00007ffc20390000 - 0x00007ffc203c1000 	C:\WINDOWS\SYSTEM32\ntmarta.dll

VM Arguments:
jvm_args: -Xmx2048m -Dfile.encoding=GBK -Duser.country=CN -Duser.language=zh -Duser.variant 
java_command: org.gradle.launcher.daemon.bootstrap.GradleDaemon 6.1.1
java_class_path (initial): C:\Users\WO\.gradle\wrapper\dists\gradle-6.1.1-all\cfmwm155h49vnt3hynmlrsdst\gradle-6.1.1\lib\gradle-launcher-6.1.1.jar
Launcher Type: SUN_STANDARD

Environment Variables:
JAVA_HOME=D:\Program Files (x86)\jdk-16.0.1
CLASSPATH=.;D:\Program Files (x86)\jdk-16.0.1\lib;D:\Program Files (x86)\jdk-16.0.1\lib\tools.jar
PATH=C:\Windows\System32;C:\Program Files\NVIDIA Corporation\NVIDIA NvDLISR;"D:\Program Files (x86)\jdk-16.0.1\bin;D:\Program Files (x86)\jdk-16.0.1\jre\bin";"D:\Program Files\apache-tomcat-9.0.48\lib;";"D:\Program Files\apache-tomcat-9.0.48\lib\servlet-api.jar;";D:\Program Files\apache-tomcat-9.0.48\lib\jsp-api.jar;C:\Users\WO\AppData\Local\Microsoft\WindowsApps;D:\Program Files (x86)\jdk-16.0.1\bin;C:\Program Files\JetBrains\PyCharm Community Edition 2019.3.3\bin;;C:\Users\WO\AppData\Local\Programs\Microsoft VS Code\bin;D:\Download\IntelliJ IDEA Community Edition 2020.3.2\bin;;D:\Program Files\apache-tomcat-9.0.48\bin;D:\Program Files\apache-tomcat-9.0.48\lib;C:\mysql-8.0.23-winx64\bin
USERNAME=WO
OS=Windows_NT
PROCESSOR_IDENTIFIER=Intel64 Family 6 Model 142 Stepping 11, GenuineIntel



---------------  S Y S T E M  ---------------

OS: Windows 10.0 , 64 bit Build 18362 (10.0.18362.1500)

CPU:total 8 (initial active 8) (4 cores per cpu, 2 threads per core) family 6 model 142 stepping 11, cmov, cx8, fxsr, mmx, sse, sse2, sse3, ssse3, sse4.1, sse4.2, popcnt, avx, avx2, aes, clmul, erms, 3dnowpref, lzcnt, ht, tsc, tscinvbit, bmi1, bmi2, adx

Memory: 4k page, physical 8241400k(696560k free), swap 33407224k(876k free)

vm_info: OpenJDK 64-Bit Server VM (25.242-b01) for windows-amd64 JRE (1.8.0_242-release-1644-b01), built by "builder" with MS VC++ 10.0 (VS2010)

time: Sun Sep 05 12:38:37 2021
timezone: 中国标准时间
elapsed time: 5012 seconds (0d 1h 23m 32s)

